
> hotel-monorepo@1.0.0 build
> npm run build:admin && npm run build:gost


> hotel-monorepo@1.0.0 build:admin
> npm run build -w m-hotel-admin


> m-hotel-admin@0.1.0 build
> npx prisma generate --schema=../shared-prisma/schema.prisma && next build


✔ Generated Prisma Client (v7.4.1) to ./../node_modules/@prisma/client in 125ms

Start by importing your Prisma Client (See: https://pris.ly/d/importing-client)


▲ Next.js 16.1.4 (Turbopack)
- Environments: .env.local, .env

  Creating an optimized production build ...
✓ Compiled successfully in 8.3s
  Running TypeScript ...
  Collecting page data using 7 workers ...
  Generating static pages using 7 workers (0/22) ...
  Generating static pages using 7 workers (5/22) 
  Generating static pages using 7 workers (10/22) 
  Generating static pages using 7 workers (16/22) 
✓ Generating static pages using 7 workers (22/22) in 1457.0ms
  Finalizing page optimization ...

Route (app)
┌ ƒ /
├ ƒ /_not-found
├ ƒ /api/auth/[...nextauth]
├ ƒ /api/auth/registracija
├ ƒ /api/debug/email-status
├ ƒ /api/payments/confirm
├ ƒ /api/payments/create-payment-intent
├ ƒ /api/payments/webhook
├ ƒ /api/test/send-payment-email
├ ƒ /api/upload
├ ƒ /gosti
├ ƒ /gosti/dodaj
├ ƒ /gosti/izmeni
├ ƒ /prijava
├ ƒ /registracija
├ ƒ /rezervacije
├ ƒ /rezervacije/[id]
├ ƒ /rezervacije/dodaj
├ ƒ /rezervacije/izmeni
├ ƒ /sobe
├ ƒ /sobe/dodaj
└ ƒ /sobe/izmeni


ƒ  (Dynamic)  server-rendered on demand


> hotel-monorepo@1.0.0 build:gost
> npm run build -w m-hotel-gost


> m-hotel-gost@0.1.0 build
> npx prisma generate --schema=../shared-prisma/schema.prisma && next build


✔ Generated Prisma Client (v7.4.1) to ./../node_modules/@prisma/client in 101ms

Start by importing your Prisma Client (See: https://pris.ly/d/importing-client)


▲ Next.js 16.1.4 (Turbopack)
- Environments: .env

  Creating an optimized production build ...
✓ Compiled successfully in 6.6s
  Running TypeScript ...
  Collecting page data using 7 workers ...
  Generating static pages using 7 workers (0/13) ...
  Generating static pages using 7 workers (3/13) 
  Generating static pages using 7 workers (6/13) 
  Generating static pages using 7 workers (9/13) 
✓ Generating static pages using 7 workers (13/13) in 1414.4ms
  Finalizing page optimization ...

Route (app)
┌ ƒ /
├ ƒ /_not-found
├ ƒ /api/payments/confirm
├ ƒ /api/payments/create-payment-intent
├ ƒ /api/payments/webhook
├ ƒ /mapa
├ ƒ /o_hotelu
├ ƒ /rezervacije
├ ƒ /rezervacije/[id]
├ ƒ /rezervacije/dodaj
├ ƒ /rezervacije/izmeni
└ ƒ /sobe


ƒ  (Dynamic)  server-rendered on demand

